<?xml version="1.0" encoding="UTF-8"?>
<!-- Generated by org.testng.reporters.JUnitReportReporter -->
<testsuite skipped="0" hostname="KhushRang-PC" name="com.facebook.tests.DropdownValidationTest" tests="1" failures="0" timestamp="21 Apr 2020 06:10:19 GMT" time="11.453" errors="0">
  <testcase name="validateDropdownOptionDuplication" time="11.453" classname="com.facebook.tests.DropdownValidationTest"/>
</testsuite> <!-- com.facebook.tests.DropdownValidationTest -->
